Copyright 1986-2018 Xilinx, Inc. All Rights Reserved.
--------------------------------------------------------------------------------------------------------------------------------------------------------------------------------------------
| Tool Version : Vivado v.2018.1 (win64) Build 2188600 Wed Apr  4 18:40:38 MDT 2018
| Date         : Fri Jun 22 10:47:29 2018
| Host         : 4r35-Lenovo-PC running 64-bit Service Pack 1  (build 7601)
| Command      : report_methodology -file perceptron_wrapper_methodology_drc_routed.rpt -pb perceptron_wrapper_methodology_drc_routed.pb -rpx perceptron_wrapper_methodology_drc_routed.rpx
| Design       : perceptron_wrapper
| Device       : xc7z010clg400-1
| Speed File   : -1
| Design State : Routed
--------------------------------------------------------------------------------------------------------------------------------------------------------------------------------------------

Report Methodology

Table of Contents
-----------------
1. REPORT SUMMARY
2. REPORT DETAILS

1. REPORT SUMMARY
-----------------
            Netlist: netlist
          Floorplan: design_1
      Design limits: <entire design considered>
             Max violations: <unlimited>
             Violations found: 97
+-----------+----------+-------------------------------+------------+
| Rule      | Severity | Description                   | Violations |
+-----------+----------+-------------------------------+------------+
| TIMING-18 | Warning  | Missing input or output delay | 97         |
+-----------+----------+-------------------------------+------------+

2. REPORT DETAILS
-----------------
TIMING-18#1 Warning
Missing input or output delay  
An input delay is missing on rst relative to clock(s) clock
Related violations: <none>

TIMING-18#2 Warning
Missing input or output delay  
An input delay is missing on x10[0] relative to clock(s) clock
Related violations: <none>

TIMING-18#3 Warning
Missing input or output delay  
An input delay is missing on x10[1] relative to clock(s) clock
Related violations: <none>

TIMING-18#4 Warning
Missing input or output delay  
An input delay is missing on x10[2] relative to clock(s) clock
Related violations: <none>

TIMING-18#5 Warning
Missing input or output delay  
An input delay is missing on x10[3] relative to clock(s) clock
Related violations: <none>

TIMING-18#6 Warning
Missing input or output delay  
An input delay is missing on x10[4] relative to clock(s) clock
Related violations: <none>

TIMING-18#7 Warning
Missing input or output delay  
An input delay is missing on x10[5] relative to clock(s) clock
Related violations: <none>

TIMING-18#8 Warning
Missing input or output delay  
An input delay is missing on x10[6] relative to clock(s) clock
Related violations: <none>

TIMING-18#9 Warning
Missing input or output delay  
An input delay is missing on x10[7] relative to clock(s) clock
Related violations: <none>

TIMING-18#10 Warning
Missing input or output delay  
An input delay is missing on x1[0] relative to clock(s) clock
Related violations: <none>

TIMING-18#11 Warning
Missing input or output delay  
An input delay is missing on x1[1] relative to clock(s) clock
Related violations: <none>

TIMING-18#12 Warning
Missing input or output delay  
An input delay is missing on x1[2] relative to clock(s) clock
Related violations: <none>

TIMING-18#13 Warning
Missing input or output delay  
An input delay is missing on x1[3] relative to clock(s) clock
Related violations: <none>

TIMING-18#14 Warning
Missing input or output delay  
An input delay is missing on x1[4] relative to clock(s) clock
Related violations: <none>

TIMING-18#15 Warning
Missing input or output delay  
An input delay is missing on x1[5] relative to clock(s) clock
Related violations: <none>

TIMING-18#16 Warning
Missing input or output delay  
An input delay is missing on x1[6] relative to clock(s) clock
Related violations: <none>

TIMING-18#17 Warning
Missing input or output delay  
An input delay is missing on x1[7] relative to clock(s) clock
Related violations: <none>

TIMING-18#18 Warning
Missing input or output delay  
An input delay is missing on x2[0] relative to clock(s) clock
Related violations: <none>

TIMING-18#19 Warning
Missing input or output delay  
An input delay is missing on x2[1] relative to clock(s) clock
Related violations: <none>

TIMING-18#20 Warning
Missing input or output delay  
An input delay is missing on x2[2] relative to clock(s) clock
Related violations: <none>

TIMING-18#21 Warning
Missing input or output delay  
An input delay is missing on x2[3] relative to clock(s) clock
Related violations: <none>

TIMING-18#22 Warning
Missing input or output delay  
An input delay is missing on x2[4] relative to clock(s) clock
Related violations: <none>

TIMING-18#23 Warning
Missing input or output delay  
An input delay is missing on x2[5] relative to clock(s) clock
Related violations: <none>

TIMING-18#24 Warning
Missing input or output delay  
An input delay is missing on x2[6] relative to clock(s) clock
Related violations: <none>

TIMING-18#25 Warning
Missing input or output delay  
An input delay is missing on x2[7] relative to clock(s) clock
Related violations: <none>

TIMING-18#26 Warning
Missing input or output delay  
An input delay is missing on x3[0] relative to clock(s) clock
Related violations: <none>

TIMING-18#27 Warning
Missing input or output delay  
An input delay is missing on x3[1] relative to clock(s) clock
Related violations: <none>

TIMING-18#28 Warning
Missing input or output delay  
An input delay is missing on x3[2] relative to clock(s) clock
Related violations: <none>

TIMING-18#29 Warning
Missing input or output delay  
An input delay is missing on x3[3] relative to clock(s) clock
Related violations: <none>

TIMING-18#30 Warning
Missing input or output delay  
An input delay is missing on x3[4] relative to clock(s) clock
Related violations: <none>

TIMING-18#31 Warning
Missing input or output delay  
An input delay is missing on x3[5] relative to clock(s) clock
Related violations: <none>

TIMING-18#32 Warning
Missing input or output delay  
An input delay is missing on x3[6] relative to clock(s) clock
Related violations: <none>

TIMING-18#33 Warning
Missing input or output delay  
An input delay is missing on x3[7] relative to clock(s) clock
Related violations: <none>

TIMING-18#34 Warning
Missing input or output delay  
An input delay is missing on x4[0] relative to clock(s) clock
Related violations: <none>

TIMING-18#35 Warning
Missing input or output delay  
An input delay is missing on x4[1] relative to clock(s) clock
Related violations: <none>

TIMING-18#36 Warning
Missing input or output delay  
An input delay is missing on x4[2] relative to clock(s) clock
Related violations: <none>

TIMING-18#37 Warning
Missing input or output delay  
An input delay is missing on x4[3] relative to clock(s) clock
Related violations: <none>

TIMING-18#38 Warning
Missing input or output delay  
An input delay is missing on x4[4] relative to clock(s) clock
Related violations: <none>

TIMING-18#39 Warning
Missing input or output delay  
An input delay is missing on x4[5] relative to clock(s) clock
Related violations: <none>

TIMING-18#40 Warning
Missing input or output delay  
An input delay is missing on x4[6] relative to clock(s) clock
Related violations: <none>

TIMING-18#41 Warning
Missing input or output delay  
An input delay is missing on x4[7] relative to clock(s) clock
Related violations: <none>

TIMING-18#42 Warning
Missing input or output delay  
An input delay is missing on x5[0] relative to clock(s) clock
Related violations: <none>

TIMING-18#43 Warning
Missing input or output delay  
An input delay is missing on x5[1] relative to clock(s) clock
Related violations: <none>

TIMING-18#44 Warning
Missing input or output delay  
An input delay is missing on x5[2] relative to clock(s) clock
Related violations: <none>

TIMING-18#45 Warning
Missing input or output delay  
An input delay is missing on x5[3] relative to clock(s) clock
Related violations: <none>

TIMING-18#46 Warning
Missing input or output delay  
An input delay is missing on x5[4] relative to clock(s) clock
Related violations: <none>

TIMING-18#47 Warning
Missing input or output delay  
An input delay is missing on x5[5] relative to clock(s) clock
Related violations: <none>

TIMING-18#48 Warning
Missing input or output delay  
An input delay is missing on x5[6] relative to clock(s) clock
Related violations: <none>

TIMING-18#49 Warning
Missing input or output delay  
An input delay is missing on x5[7] relative to clock(s) clock
Related violations: <none>

TIMING-18#50 Warning
Missing input or output delay  
An input delay is missing on x6[0] relative to clock(s) clock
Related violations: <none>

TIMING-18#51 Warning
Missing input or output delay  
An input delay is missing on x6[1] relative to clock(s) clock
Related violations: <none>

TIMING-18#52 Warning
Missing input or output delay  
An input delay is missing on x6[2] relative to clock(s) clock
Related violations: <none>

TIMING-18#53 Warning
Missing input or output delay  
An input delay is missing on x6[3] relative to clock(s) clock
Related violations: <none>

TIMING-18#54 Warning
Missing input or output delay  
An input delay is missing on x6[4] relative to clock(s) clock
Related violations: <none>

TIMING-18#55 Warning
Missing input or output delay  
An input delay is missing on x6[5] relative to clock(s) clock
Related violations: <none>

TIMING-18#56 Warning
Missing input or output delay  
An input delay is missing on x6[6] relative to clock(s) clock
Related violations: <none>

TIMING-18#57 Warning
Missing input or output delay  
An input delay is missing on x6[7] relative to clock(s) clock
Related violations: <none>

TIMING-18#58 Warning
Missing input or output delay  
An input delay is missing on x7[0] relative to clock(s) clock
Related violations: <none>

TIMING-18#59 Warning
Missing input or output delay  
An input delay is missing on x7[1] relative to clock(s) clock
Related violations: <none>

TIMING-18#60 Warning
Missing input or output delay  
An input delay is missing on x7[2] relative to clock(s) clock
Related violations: <none>

TIMING-18#61 Warning
Missing input or output delay  
An input delay is missing on x7[3] relative to clock(s) clock
Related violations: <none>

TIMING-18#62 Warning
Missing input or output delay  
An input delay is missing on x7[4] relative to clock(s) clock
Related violations: <none>

TIMING-18#63 Warning
Missing input or output delay  
An input delay is missing on x7[5] relative to clock(s) clock
Related violations: <none>

TIMING-18#64 Warning
Missing input or output delay  
An input delay is missing on x7[6] relative to clock(s) clock
Related violations: <none>

TIMING-18#65 Warning
Missing input or output delay  
An input delay is missing on x7[7] relative to clock(s) clock
Related violations: <none>

TIMING-18#66 Warning
Missing input or output delay  
An input delay is missing on x8[0] relative to clock(s) clock
Related violations: <none>

TIMING-18#67 Warning
Missing input or output delay  
An input delay is missing on x8[1] relative to clock(s) clock
Related violations: <none>

TIMING-18#68 Warning
Missing input or output delay  
An input delay is missing on x8[2] relative to clock(s) clock
Related violations: <none>

TIMING-18#69 Warning
Missing input or output delay  
An input delay is missing on x8[3] relative to clock(s) clock
Related violations: <none>

TIMING-18#70 Warning
Missing input or output delay  
An input delay is missing on x8[4] relative to clock(s) clock
Related violations: <none>

TIMING-18#71 Warning
Missing input or output delay  
An input delay is missing on x8[5] relative to clock(s) clock
Related violations: <none>

TIMING-18#72 Warning
Missing input or output delay  
An input delay is missing on x8[6] relative to clock(s) clock
Related violations: <none>

TIMING-18#73 Warning
Missing input or output delay  
An input delay is missing on x8[7] relative to clock(s) clock
Related violations: <none>

TIMING-18#74 Warning
Missing input or output delay  
An input delay is missing on x9[0] relative to clock(s) clock
Related violations: <none>

TIMING-18#75 Warning
Missing input or output delay  
An input delay is missing on x9[1] relative to clock(s) clock
Related violations: <none>

TIMING-18#76 Warning
Missing input or output delay  
An input delay is missing on x9[2] relative to clock(s) clock
Related violations: <none>

TIMING-18#77 Warning
Missing input or output delay  
An input delay is missing on x9[3] relative to clock(s) clock
Related violations: <none>

TIMING-18#78 Warning
Missing input or output delay  
An input delay is missing on x9[4] relative to clock(s) clock
Related violations: <none>

TIMING-18#79 Warning
Missing input or output delay  
An input delay is missing on x9[5] relative to clock(s) clock
Related violations: <none>

TIMING-18#80 Warning
Missing input or output delay  
An input delay is missing on x9[6] relative to clock(s) clock
Related violations: <none>

TIMING-18#81 Warning
Missing input or output delay  
An input delay is missing on x9[7] relative to clock(s) clock
Related violations: <none>

TIMING-18#82 Warning
Missing input or output delay  
An output delay is missing on y[0] relative to clock(s) clock
Related violations: <none>

TIMING-18#83 Warning
Missing input or output delay  
An output delay is missing on y[10] relative to clock(s) clock
Related violations: <none>

TIMING-18#84 Warning
Missing input or output delay  
An output delay is missing on y[11] relative to clock(s) clock
Related violations: <none>

TIMING-18#85 Warning
Missing input or output delay  
An output delay is missing on y[12] relative to clock(s) clock
Related violations: <none>

TIMING-18#86 Warning
Missing input or output delay  
An output delay is missing on y[13] relative to clock(s) clock
Related violations: <none>

TIMING-18#87 Warning
Missing input or output delay  
An output delay is missing on y[14] relative to clock(s) clock
Related violations: <none>

TIMING-18#88 Warning
Missing input or output delay  
An output delay is missing on y[15] relative to clock(s) clock
Related violations: <none>

TIMING-18#89 Warning
Missing input or output delay  
An output delay is missing on y[1] relative to clock(s) clock
Related violations: <none>

TIMING-18#90 Warning
Missing input or output delay  
An output delay is missing on y[2] relative to clock(s) clock
Related violations: <none>

TIMING-18#91 Warning
Missing input or output delay  
An output delay is missing on y[3] relative to clock(s) clock
Related violations: <none>

TIMING-18#92 Warning
Missing input or output delay  
An output delay is missing on y[4] relative to clock(s) clock
Related violations: <none>

TIMING-18#93 Warning
Missing input or output delay  
An output delay is missing on y[5] relative to clock(s) clock
Related violations: <none>

TIMING-18#94 Warning
Missing input or output delay  
An output delay is missing on y[6] relative to clock(s) clock
Related violations: <none>

TIMING-18#95 Warning
Missing input or output delay  
An output delay is missing on y[7] relative to clock(s) clock
Related violations: <none>

TIMING-18#96 Warning
Missing input or output delay  
An output delay is missing on y[8] relative to clock(s) clock
Related violations: <none>

TIMING-18#97 Warning
Missing input or output delay  
An output delay is missing on y[9] relative to clock(s) clock
Related violations: <none>


